
Iniciando Processo da Loja 2
Montando LOG da Loja 2
Coletando linha do LOG  2
Finalizando Processo da Loja 2


Iniciando Processo da Loja 3
Montando LOG da Loja 3
Coletando linha do LOG  3
Finalizando Processo da Loja 3


Iniciando Processo da Loja 4
Montando LOG da Loja 4
Coletando linha do LOG  4
Finalizando Processo da Loja 4


Iniciando Processo da Loja 5
Montando LOG da Loja 5
Coletando linha do LOG  5
Finalizando Processo da Loja 5


Iniciando Processo da Loja 6
Montando LOG da Loja 6
Impossivel montar Volume da Loja 6
Finalizando Processo da Loja 6


Iniciando Processo da Loja 7
Montando LOG da Loja 7
Coletando linha do LOG  7
Finalizando Processo da Loja 7


Iniciando Processo da Loja 9
Montando LOG da Loja 9
Coletando linha do LOG  9
Finalizando Processo da Loja 9


Iniciando Processo da Loja 10
Montando LOG da Loja 10
Impossivel montar Volume da Loja 10
Finalizando Processo da Loja 10


Iniciando Processo da Loja 11
Montando LOG da Loja 11
Impossivel montar Volume da Loja 11
Finalizando Processo da Loja 11


Iniciando Processo da Loja 12
Montando LOG da Loja 12
Impossivel montar Volume da Loja 12
Finalizando Processo da Loja 12


Iniciando Processo da Loja 16
Montando LOG da Loja 16
Impossivel montar Volume da Loja 16
Finalizando Processo da Loja 16


Iniciando Processo da Loja 17
Montando LOG da Loja 17
Impossivel montar Volume da Loja 17
Finalizando Processo da Loja 17


Iniciando Processo da Loja 19
Montando LOG da Loja 19
Impossivel montar Volume da Loja 19
Finalizando Processo da Loja 19


Iniciando Processo da Loja 20
Montando LOG da Loja 20
Impossivel montar Volume da Loja 20
Finalizando Processo da Loja 20


Iniciando Processo da Loja 21
Montando LOG da Loja 21
Coletando linha do LOG  21
Finalizando Processo da Loja 21


